{"level":"info","ts":1770624065.633848,"logger":"LUCA","caller":"hi-go/main.go:11","msg":"Application started"}
{"level":"info","ts":1770626896.449492,"logger":"LUCA","caller":"hi-go/main.go:11","msg":"Application started"}
{"level":"info","ts":1770631619.793664,"logger":"LUCA","caller":"mysql/mysql.go:62","msg":"MySQL 连接成功"}
{"level":"info","ts":1770631619.79498,"logger":"LUCA","caller":"hi-go/main.go:28","msg":"应用启动中..."}
{"level":"info","ts":1770631619.946399,"logger":"LUCA","caller":"hi-go/main.go:22","msg":"数据库迁移成功"}
{"level":"info","ts":1770631619.946524,"logger":"LUCA","caller":"hi-go/main.go:38","msg":"服务启动","port":":8080"}
{"level":"info","ts":1770631632.473387,"logger":"LUCA","caller":"middleware/logger.go:21","msg":"HTTP 请求","method":"GET","path":"/health","query":"","status":200,"duration":0.000215792,"client_ip":"::1","user_agent":"curl/8.7.1"}
{"level":"info","ts":1770631639.4913762,"logger":"LUCA","caller":"middleware/logger.go:21","msg":"HTTP 请求","method":"GET","path":"/health","query":"","status":200,"duration":0.000096125,"client_ip":"::1","user_agent":"curl/8.7.1"}
{"level":"info","ts":1770631923.268238,"logger":"LUCA","caller":"mysql/mysql.go:62","msg":"MySQL 连接成功"}
{"level":"info","ts":1770631923.281481,"logger":"LUCA","caller":"hi-go/main.go:40","msg":"应用启动中..."}
{"level":"info","ts":1770631923.298789,"logger":"LUCA","caller":"hi-go/main.go:22","msg":"数据库迁移成功"}
{"level":"info","ts":1770631923.2989042,"logger":"LUCA","caller":"hi-go/main.go:30","msg":"服务启动","port":":8000"}
{"level":"info","ts":1770631938.76753,"logger":"LUCA","caller":"mysql/mysql.go:62","msg":"MySQL 连接成功"}
{"level":"info","ts":1770631938.776109,"logger":"LUCA","caller":"hi-go/main.go:40","msg":"应用启动中..."}
{"level":"info","ts":1770631938.796556,"logger":"LUCA","caller":"hi-go/main.go:22","msg":"数据库迁移成功"}
{"level":"info","ts":1770631938.796939,"logger":"LUCA","caller":"hi-go/main.go:30","msg":"服务启动","port":":8000"}
{"level":"info","ts":1770631963.616437,"logger":"LUCA","caller":"mysql/mysql.go:62","msg":"MySQL 连接成功"}
{"level":"info","ts":1770631963.619313,"logger":"LUCA","caller":"hi-go/main.go:40","msg":"应用启动中..."}
{"level":"info","ts":1770631963.639103,"logger":"LUCA","caller":"hi-go/main.go:22","msg":"数据库迁移成功"}
{"level":"info","ts":1770631963.639207,"logger":"LUCA","caller":"hi-go/main.go:30","msg":"服务启动","port":":8000"}
{"level":"info","ts":1770631985.1374478,"logger":"LUCA","caller":"mysql/mysql.go:62","msg":"MySQL 连接成功"}
{"level":"info","ts":1770631985.13809,"logger":"LUCA","caller":"hi-go/main.go:40","msg":"应用启动中..."}
{"level":"info","ts":1770631985.149405,"logger":"LUCA","caller":"hi-go/main.go:22","msg":"数据库迁移成功"}
{"level":"info","ts":1770631985.149478,"logger":"LUCA","caller":"hi-go/main.go:30","msg":"服务启动","port":":8000"}
{"level":"info","ts":1770632006.272151,"logger":"LUCA","caller":"mysql/mysql.go:62","msg":"MySQL 连接成功"}
{"level":"info","ts":1770632006.28775,"logger":"LUCA","caller":"hi-go/main.go:40","msg":"应用启动中..."}
{"level":"info","ts":1770632006.305423,"logger":"LUCA","caller":"hi-go/main.go:22","msg":"数据库迁移成功"}
{"level":"info","ts":1770632006.305517,"logger":"LUCA","caller":"hi-go/main.go:30","msg":"服务启动","port":":8000"}
{"level":"info","ts":1770632026.922432,"logger":"LUCA","caller":"middleware/logger.go:21","msg":"HTTP 请求","method":"GET","path":"/health","query":"","status":200,"duration":0.002436875,"client_ip":"::1","user_agent":"curl/8.7.1"}
{"level":"info","ts":1770632026.93615,"logger":"LUCA","caller":"middleware/logger.go:21","msg":"HTTP 请求","method":"GET","path":"/health","query":"","status":200,"duration":0.0012455,"client_ip":"::1","user_agent":"curl/8.7.1"}
{"level":"info","ts":1770632154.785613,"logger":"LUCA","caller":"mysql/mysql.go:62","msg":"MySQL 连接成功"}
{"level":"info","ts":1770632154.78707,"logger":"LUCA","caller":"hi-go/main.go:40","msg":"应用启动中..."}
{"level":"info","ts":1770632154.801664,"logger":"LUCA","caller":"hi-go/main.go:22","msg":"数据库迁移成功"}
{"level":"info","ts":1770632154.8017778,"logger":"LUCA","caller":"hi-go/main.go:30","msg":"服务启动","port":":8000"}
{"level":"info","ts":1770632167.2738838,"logger":"LUCA","caller":"middleware/logger.go:21","msg":"HTTP 请求","method":"GET","path":"/health","query":"","status":200,"duration":0.000155625,"client_ip":"::1","user_agent":"curl/8.7.1"}
{"level":"info","ts":1770632167.322945,"logger":"LUCA","caller":"middleware/logger.go:21","msg":"HTTP 请求","method":"GET","path":"/health","query":"","status":200,"duration":0.000073292,"client_ip":"::1","user_agent":"curl/8.7.1"}
{"level":"info","ts":1770632167.346055,"logger":"LUCA","caller":"middleware/logger.go:21","msg":"HTTP 请求","method":"HEAD","path":"/health","query":"","status":404,"duration":0.000000541,"client_ip":"::1","user_agent":"curl/8.7.1"}
{"level":"info","ts":1770632239.3295941,"logger":"LUCA","caller":"mysql/mysql.go:62","msg":"MySQL 连接成功"}
{"level":"info","ts":1770632239.330844,"logger":"LUCA","caller":"hi-go/main.go:40","msg":"应用启动中..."}
{"level":"info","ts":1770632239.344516,"logger":"LUCA","caller":"hi-go/main.go:22","msg":"数据库迁移成功"}
{"level":"info","ts":1770632239.344633,"logger":"LUCA","caller":"hi-go/main.go:30","msg":"服务启动","port":":8000"}
{"level":"info","ts":1770632252.413135,"logger":"LUCA","caller":"middleware/logger.go:21","msg":"HTTP 请求","method":"GET","path":"/health","query":"","status":200,"duration":0.000156375,"client_ip":"::1","user_agent":"curl/8.7.1"}
{"level":"info","ts":1770632252.4616692,"logger":"LUCA","caller":"middleware/logger.go:21","msg":"HTTP 请求","method":"GET","path":"/health","query":"","status":200,"duration":0.000094833,"client_ip":"::1","user_agent":"curl/8.7.1"}
{"level":"info","ts":1770632252.487593,"logger":"LUCA","caller":"middleware/logger.go:21","msg":"HTTP 请求","method":"GET","path":"/health","query":"","status":200,"duration":0.000028042,"client_ip":"::1","user_agent":"curl/8.7.1"}
{"level":"error","ts":1770706364.82712,"logger":"LUCA","caller":"mysql/mysql.go:45","msg":"MySQL 连接失败","error":"dial tcp [::1]:3306: connect: connection refused","stacktrace":"hi-go/src/utils/mysql.Init\n\t/Volumes/data/luca/go/hi-go/src/utils/mysql/mysql.go:45\nhi-go/src/utils/mysql.init.0\n\t/Volumes/data/luca/go/hi-go/src/utils/mysql/mysql.go:67\nruntime.doInit1\n\t/opt/homebrew/Cellar/go/1.25.7_1/libexec/src/runtime/proc.go:7670\nruntime.doInit\n\t/opt/homebrew/Cellar/go/1.25.7_1/libexec/src/runtime/proc.go:7637\nruntime.main\n\t/opt/homebrew/Cellar/go/1.25.7_1/libexec/src/runtime/proc.go:256"}
{"level":"error","ts":1770706364.830206,"logger":"LUCA","caller":"mysql/mysql.go:68","msg":"MySQL 初始化失败","error":"dial tcp [::1]:3306: connect: connection refused","stacktrace":"hi-go/src/utils/mysql.init.0\n\t/Volumes/data/luca/go/hi-go/src/utils/mysql/mysql.go:68\nruntime.doInit1\n\t/opt/homebrew/Cellar/go/1.25.7_1/libexec/src/runtime/proc.go:7670\nruntime.doInit\n\t/opt/homebrew/Cellar/go/1.25.7_1/libexec/src/runtime/proc.go:7637\nruntime.main\n\t/opt/homebrew/Cellar/go/1.25.7_1/libexec/src/runtime/proc.go:256"}
{"level":"info","ts":1770706364.830722,"logger":"LUCA","caller":"hi-go/main.go:40","msg":"应用启动中..."}
{"level":"error","ts":1770706370.123521,"logger":"LUCA","caller":"mysql/mysql.go:45","msg":"MySQL 连接失败","error":"dial tcp [::1]:3306: connect: connection refused","stacktrace":"hi-go/src/utils/mysql.Init\n\t/Volumes/data/luca/go/hi-go/src/utils/mysql/mysql.go:45\nhi-go/src/utils/mysql.init.0\n\t/Volumes/data/luca/go/hi-go/src/utils/mysql/mysql.go:67\nruntime.doInit1\n\t/opt/homebrew/Cellar/go/1.25.7_1/libexec/src/runtime/proc.go:7670\nruntime.doInit\n\t/opt/homebrew/Cellar/go/1.25.7_1/libexec/src/runtime/proc.go:7637\nruntime.main\n\t/opt/homebrew/Cellar/go/1.25.7_1/libexec/src/runtime/proc.go:256"}
{"level":"error","ts":1770706370.124038,"logger":"LUCA","caller":"mysql/mysql.go:68","msg":"MySQL 初始化失败","error":"dial tcp [::1]:3306: connect: connection refused","stacktrace":"hi-go/src/utils/mysql.init.0\n\t/Volumes/data/luca/go/hi-go/src/utils/mysql/mysql.go:68\nruntime.doInit1\n\t/opt/homebrew/Cellar/go/1.25.7_1/libexec/src/runtime/proc.go:7670\nruntime.doInit\n\t/opt/homebrew/Cellar/go/1.25.7_1/libexec/src/runtime/proc.go:7637\nruntime.main\n\t/opt/homebrew/Cellar/go/1.25.7_1/libexec/src/runtime/proc.go:256"}
{"level":"info","ts":1770706370.124727,"logger":"LUCA","caller":"hi-go/main.go:40","msg":"应用启动中..."}
{"level":"error","ts":1770706508.2097468,"logger":"LUCA","caller":"mysql/mysql.go:45","msg":"MySQL 连接失败","error":"dial tcp [::1]:3306: connect: connection refused","stacktrace":"hi-go/src/utils/mysql.Init\n\t/Volumes/data/luca/go/hi-go/src/utils/mysql/mysql.go:45\nhi-go/src/utils/mysql.init.0\n\t/Volumes/data/luca/go/hi-go/src/utils/mysql/mysql.go:67\nruntime.doInit1\n\t/opt/homebrew/Cellar/go/1.25.7_1/libexec/src/runtime/proc.go:7670\nruntime.doInit\n\t/opt/homebrew/Cellar/go/1.25.7_1/libexec/src/runtime/proc.go:7637\nruntime.main\n\t/opt/homebrew/Cellar/go/1.25.7_1/libexec/src/runtime/proc.go:256"}
{"level":"error","ts":1770706508.210075,"logger":"LUCA","caller":"mysql/mysql.go:68","msg":"MySQL 初始化失败","error":"dial tcp [::1]:3306: connect: connection refused","stacktrace":"hi-go/src/utils/mysql.init.0\n\t/Volumes/data/luca/go/hi-go/src/utils/mysql/mysql.go:68\nruntime.doInit1\n\t/opt/homebrew/Cellar/go/1.25.7_1/libexec/src/runtime/proc.go:7670\nruntime.doInit\n\t/opt/homebrew/Cellar/go/1.25.7_1/libexec/src/runtime/proc.go:7637\nruntime.main\n\t/opt/homebrew/Cellar/go/1.25.7_1/libexec/src/runtime/proc.go:256"}
{"level":"info","ts":1770706508.210335,"logger":"LUCA","caller":"hi-go/main.go:40","msg":"应用启动中..."}
{"level":"error","ts":1770706765.2393541,"logger":"LUCA","caller":"mysql/mysql.go:45","msg":"MySQL 连接失败","error":"dial tcp [::1]:3306: connect: connection refused","stacktrace":"hi-go/src/utils/mysql.Init\n\t/Volumes/data/luca/go/hi-go/src/utils/mysql/mysql.go:45\nhi-go/src/utils/mysql.init.0\n\t/Volumes/data/luca/go/hi-go/src/utils/mysql/mysql.go:67\nruntime.doInit1\n\t/opt/homebrew/Cellar/go/1.25.7_1/libexec/src/runtime/proc.go:7670\nruntime.doInit\n\t/opt/homebrew/Cellar/go/1.25.7_1/libexec/src/runtime/proc.go:7637\nruntime.main\n\t/opt/homebrew/Cellar/go/1.25.7_1/libexec/src/runtime/proc.go:256"}
{"level":"error","ts":1770706765.2518961,"logger":"LUCA","caller":"mysql/mysql.go:68","msg":"MySQL 初始化失败","error":"dial tcp [::1]:3306: connect: connection refused","stacktrace":"hi-go/src/utils/mysql.init.0\n\t/Volumes/data/luca/go/hi-go/src/utils/mysql/mysql.go:68\nruntime.doInit1\n\t/opt/homebrew/Cellar/go/1.25.7_1/libexec/src/runtime/proc.go:7670\nruntime.doInit\n\t/opt/homebrew/Cellar/go/1.25.7_1/libexec/src/runtime/proc.go:7637\nruntime.main\n\t/opt/homebrew/Cellar/go/1.25.7_1/libexec/src/runtime/proc.go:256"}
{"level":"info","ts":1770706765.252834,"logger":"LUCA","caller":"hi-go/main.go:40","msg":"应用启动中..."}
{"level":"error","ts":1770711917.87361,"logger":"LUCA","caller":"mysql/mysql.go:45","msg":"MySQL 连接失败","error":"Error 1049 (42000): Unknown database 'mysql-dev'","stacktrace":"hi-go/src/utils/mysql.Init\n\t/Volumes/data/luca/go/hi-go/src/utils/mysql/mysql.go:45\nhi-go/src/utils/mysql.init.0\n\t/Volumes/data/luca/go/hi-go/src/utils/mysql/mysql.go:67\nruntime.doInit1\n\t/opt/homebrew/Cellar/go/1.25.7_1/libexec/src/runtime/proc.go:7670\nruntime.doInit\n\t/opt/homebrew/Cellar/go/1.25.7_1/libexec/src/runtime/proc.go:7637\nruntime.main\n\t/opt/homebrew/Cellar/go/1.25.7_1/libexec/src/runtime/proc.go:256"}
{"level":"error","ts":1770711917.876676,"logger":"LUCA","caller":"mysql/mysql.go:68","msg":"MySQL 初始化失败","error":"Error 1049 (42000): Unknown database 'mysql-dev'","stacktrace":"hi-go/src/utils/mysql.init.0\n\t/Volumes/data/luca/go/hi-go/src/utils/mysql/mysql.go:68\nruntime.doInit1\n\t/opt/homebrew/Cellar/go/1.25.7_1/libexec/src/runtime/proc.go:7670\nruntime.doInit\n\t/opt/homebrew/Cellar/go/1.25.7_1/libexec/src/runtime/proc.go:7637\nruntime.main\n\t/opt/homebrew/Cellar/go/1.25.7_1/libexec/src/runtime/proc.go:256"}
{"level":"info","ts":1770711917.877509,"logger":"LUCA","caller":"hi-go/main.go:40","msg":"应用启动中..."}
{"level":"error","ts":1770711994.084607,"logger":"LUCA","caller":"mysql/mysql.go:45","msg":"MySQL 连接失败","error":"Error 1049 (42000): Unknown database 'dev'","stacktrace":"hi-go/src/utils/mysql.Init\n\t/Volumes/data/luca/go/hi-go/src/utils/mysql/mysql.go:45\nhi-go/src/utils/mysql.init.0\n\t/Volumes/data/luca/go/hi-go/src/utils/mysql/mysql.go:67\nruntime.doInit1\n\t/opt/homebrew/Cellar/go/1.25.7_1/libexec/src/runtime/proc.go:7670\nruntime.doInit\n\t/opt/homebrew/Cellar/go/1.25.7_1/libexec/src/runtime/proc.go:7637\nruntime.main\n\t/opt/homebrew/Cellar/go/1.25.7_1/libexec/src/runtime/proc.go:256"}
{"level":"error","ts":1770711994.085084,"logger":"LUCA","caller":"mysql/mysql.go:68","msg":"MySQL 初始化失败","error":"Error 1049 (42000): Unknown database 'dev'","stacktrace":"hi-go/src/utils/mysql.init.0\n\t/Volumes/data/luca/go/hi-go/src/utils/mysql/mysql.go:68\nruntime.doInit1\n\t/opt/homebrew/Cellar/go/1.25.7_1/libexec/src/runtime/proc.go:7670\nruntime.doInit\n\t/opt/homebrew/Cellar/go/1.25.7_1/libexec/src/runtime/proc.go:7637\nruntime.main\n\t/opt/homebrew/Cellar/go/1.25.7_1/libexec/src/runtime/proc.go:256"}
{"level":"info","ts":1770711994.085799,"logger":"LUCA","caller":"hi-go/main.go:40","msg":"应用启动中..."}
{"level":"error","ts":1770712011.1387022,"logger":"LUCA","caller":"mysql/mysql.go:45","msg":"MySQL 连接失败","error":"Error 1049 (42000): Unknown database 'mysql-dev'","stacktrace":"hi-go/src/utils/mysql.Init\n\t/Volumes/data/luca/go/hi-go/src/utils/mysql/mysql.go:45\nhi-go/src/utils/mysql.init.0\n\t/Volumes/data/luca/go/hi-go/src/utils/mysql/mysql.go:67\nruntime.doInit1\n\t/opt/homebrew/Cellar/go/1.25.7_1/libexec/src/runtime/proc.go:7670\nruntime.doInit\n\t/opt/homebrew/Cellar/go/1.25.7_1/libexec/src/runtime/proc.go:7637\nruntime.main\n\t/opt/homebrew/Cellar/go/1.25.7_1/libexec/src/runtime/proc.go:256"}
{"level":"error","ts":1770712011.139158,"logger":"LUCA","caller":"mysql/mysql.go:68","msg":"MySQL 初始化失败","error":"Error 1049 (42000): Unknown database 'mysql-dev'","stacktrace":"hi-go/src/utils/mysql.init.0\n\t/Volumes/data/luca/go/hi-go/src/utils/mysql/mysql.go:68\nruntime.doInit1\n\t/opt/homebrew/Cellar/go/1.25.7_1/libexec/src/runtime/proc.go:7670\nruntime.doInit\n\t/opt/homebrew/Cellar/go/1.25.7_1/libexec/src/runtime/proc.go:7637\nruntime.main\n\t/opt/homebrew/Cellar/go/1.25.7_1/libexec/src/runtime/proc.go:256"}
{"level":"info","ts":1770712011.139935,"logger":"LUCA","caller":"hi-go/main.go:40","msg":"应用启动中..."}
{"level":"error","ts":1770712056.747712,"logger":"LUCA","caller":"mysql/mysql.go:45","msg":"MySQL 连接失败","error":"Error 1049 (42000): Unknown database 'mysql-dev'","stacktrace":"hi-go/src/utils/mysql.Init\n\t/Volumes/data/luca/go/hi-go/src/utils/mysql/mysql.go:45\nhi-go/src/utils/mysql.init.0\n\t/Volumes/data/luca/go/hi-go/src/utils/mysql/mysql.go:67\nruntime.doInit1\n\t/opt/homebrew/Cellar/go/1.25.7_1/libexec/src/runtime/proc.go:7670\nruntime.doInit\n\t/opt/homebrew/Cellar/go/1.25.7_1/libexec/src/runtime/proc.go:7637\nruntime.main\n\t/opt/homebrew/Cellar/go/1.25.7_1/libexec/src/runtime/proc.go:256"}
{"level":"error","ts":1770712056.748924,"logger":"LUCA","caller":"mysql/mysql.go:68","msg":"MySQL 初始化失败","error":"Error 1049 (42000): Unknown database 'mysql-dev'","stacktrace":"hi-go/src/utils/mysql.init.0\n\t/Volumes/data/luca/go/hi-go/src/utils/mysql/mysql.go:68\nruntime.doInit1\n\t/opt/homebrew/Cellar/go/1.25.7_1/libexec/src/runtime/proc.go:7670\nruntime.doInit\n\t/opt/homebrew/Cellar/go/1.25.7_1/libexec/src/runtime/proc.go:7637\nruntime.main\n\t/opt/homebrew/Cellar/go/1.25.7_1/libexec/src/runtime/proc.go:256"}
{"level":"info","ts":1770712056.750068,"logger":"LUCA","caller":"hi-go/main.go:40","msg":"应用启动中..."}
{"level":"error","ts":1770712132.228866,"logger":"LUCA","caller":"mysql/mysql.go:45","msg":"MySQL 连接失败","error":"Error 1049 (42000): Unknown database 'mysql-dev'","stacktrace":"hi-go/src/utils/mysql.Init\n\t/Volumes/data/luca/go/hi-go/src/utils/mysql/mysql.go:45\nhi-go/src/utils/mysql.init.0\n\t/Volumes/data/luca/go/hi-go/src/utils/mysql/mysql.go:67\nruntime.doInit1\n\t/opt/homebrew/Cellar/go/1.25.7_1/libexec/src/runtime/proc.go:7670\nruntime.doInit\n\t/opt/homebrew/Cellar/go/1.25.7_1/libexec/src/runtime/proc.go:7637\nruntime.main\n\t/opt/homebrew/Cellar/go/1.25.7_1/libexec/src/runtime/proc.go:256"}
{"level":"error","ts":1770712132.2293692,"logger":"LUCA","caller":"mysql/mysql.go:68","msg":"MySQL 初始化失败","error":"Error 1049 (42000): Unknown database 'mysql-dev'","stacktrace":"hi-go/src/utils/mysql.init.0\n\t/Volumes/data/luca/go/hi-go/src/utils/mysql/mysql.go:68\nruntime.doInit1\n\t/opt/homebrew/Cellar/go/1.25.7_1/libexec/src/runtime/proc.go:7670\nruntime.doInit\n\t/opt/homebrew/Cellar/go/1.25.7_1/libexec/src/runtime/proc.go:7637\nruntime.main\n\t/opt/homebrew/Cellar/go/1.25.7_1/libexec/src/runtime/proc.go:256"}
{"level":"info","ts":1770712132.230159,"logger":"LUCA","caller":"hi-go/main.go:40","msg":"应用启动中..."}
{"level":"error","ts":1770712283.733141,"logger":"LUCA","caller":"mysql/mysql.go:45","msg":"MySQL 连接失败","error":"Error 1049 (42000): Unknown database 'mysql-dev'","stacktrace":"hi-go/src/utils/mysql.Init\n\t/Volumes/data/luca/go/hi-go/src/utils/mysql/mysql.go:45\nhi-go/src/utils/mysql.init.0\n\t/Volumes/data/luca/go/hi-go/src/utils/mysql/mysql.go:67\nruntime.doInit1\n\t/opt/homebrew/Cellar/go/1.25.7_1/libexec/src/runtime/proc.go:7670\nruntime.doInit\n\t/opt/homebrew/Cellar/go/1.25.7_1/libexec/src/runtime/proc.go:7637\nruntime.main\n\t/opt/homebrew/Cellar/go/1.25.7_1/libexec/src/runtime/proc.go:256"}
{"level":"error","ts":1770712283.733938,"logger":"LUCA","caller":"mysql/mysql.go:68","msg":"MySQL 初始化失败","error":"Error 1049 (42000): Unknown database 'mysql-dev'","stacktrace":"hi-go/src/utils/mysql.init.0\n\t/Volumes/data/luca/go/hi-go/src/utils/mysql/mysql.go:68\nruntime.doInit1\n\t/opt/homebrew/Cellar/go/1.25.7_1/libexec/src/runtime/proc.go:7670\nruntime.doInit\n\t/opt/homebrew/Cellar/go/1.25.7_1/libexec/src/runtime/proc.go:7637\nruntime.main\n\t/opt/homebrew/Cellar/go/1.25.7_1/libexec/src/runtime/proc.go:256"}
{"level":"info","ts":1770712283.734655,"logger":"LUCA","caller":"hi-go/main.go:40","msg":"应用启动中..."}
{"level":"info","ts":1770712362.3438342,"logger":"LUCA","caller":"mysql/mysql.go:62","msg":"MySQL 连接成功"}
{"level":"info","ts":1770712362.345818,"logger":"LUCA","caller":"hi-go/main.go:40","msg":"应用启动中..."}
{"level":"info","ts":1770712362.367002,"logger":"LUCA","caller":"hi-go/main.go:22","msg":"数据库迁移成功"}
{"level":"info","ts":1770712362.36716,"logger":"LUCA","caller":"hi-go/main.go:30","msg":"服务启动","port":":8000"}
